#
# A fatal error has been detected by the Java Runtime Environment:
#
#  Internal Error (classFileParser.cpp:3494), pid=7724, tid=4652
#  Error: ShouldNotReachHere()
#
# JRE version: 6.0_26-b03
# Java VM: Java HotSpot(TM) 64-Bit Server VM (20.1-b02 mixed mode windows-amd64 compressed oops)
# If you would like to submit a bug report, please visit:
#   http://java.sun.com/webapps/bugreport/crash.jsp
#

---------------  T H R E A D  ---------------

Current thread (0x000000000055b800):  JavaThread "Unknown thread" [_thread_in_vm, id=4652, stack(0x0000000002470000,0x0000000002570000)]

Stack: [0x0000000002470000,0x0000000002570000]
[error occurred during error reporting (printing stack bounds), id 0xc0000005]


---------------  P R O C E S S  ---------------

Java Threads: ( => current thread )

Other Threads:

=>0x000000000055b800 (exited) JavaThread "Unknown thread" [_thread_in_vm, id=4652, stack(0x0000000002470000,0x0000000002570000)]

VM state:not at safepoint (not fully initialized)

VM Mutex/Monitor currently owned by a thread: None

Dynamic libraries:
0x0000000000400000 - 0x000000000042e000 	C:\Program Files\Java\jre6\bin\javaw.exe
0x0000000077640000 - 0x00000000777e9000 	C:\Windows\SYSTEM32\ntdll.dll
0x00000000770b0000 - 0x00000000771cf000 	C:\Windows\system32\kernel32.dll
0x000007fefddc0000 - 0x000007fefde2b000 	C:\Windows\system32\KERNELBASE.dll
0x000007fefe100000 - 0x000007fefe1db000 	C:\Windows\system32\ADVAPI32.dll
0x000007fefe1e0000 - 0x000007fefe27f000 	C:\Windows\system32\msvcrt.dll
0x000007fefe280000 - 0x000007fefe29f000 	C:\Windows\SYSTEM32\sechost.dll
0x000007feff2f0000 - 0x000007feff41d000 	C:\Windows\system32\RPCRT4.dll
0x0000000077540000 - 0x000000007763a000 	C:\Windows\system32\USER32.dll
0x000007fefe340000 - 0x000007fefe3a7000 	C:\Windows\system32\GDI32.dll
0x000007feff8c0000 - 0x000007feff8ce000 	C:\Windows\system32\LPK.dll
0x000007feff7f0000 - 0x000007feff8b9000 	C:\Windows\system32\USP10.dll
0x000007fefe310000 - 0x000007fefe33e000 	C:\Windows\system32\IMM32.DLL
0x000007feff6e0000 - 0x000007feff7e9000 	C:\Windows\system32\MSCTF.dll
0x000000006d7f0000 - 0x000000006dfa8000 	C:\Program Files\Java\jre6\bin\server\jvm.dll
0x000007fefc700000 - 0x000007fefc73b000 	C:\Windows\system32\WINMM.dll
0x000000006d760000 - 0x000000006d76e000 	C:\Program Files\Java\jre6\bin\verify.dll
0x000000006d3b0000 - 0x000000006d3d7000 	C:\Program Files\Java\jre6\bin\java.dll
0x0000000077810000 - 0x0000000077817000 	C:\Windows\system32\PSAPI.DLL
0x000000006d7b0000 - 0x000000006d7c2000 	C:\Program Files\Java\jre6\bin\zip.dll

VM Arguments:
jvm_args: -Dfile.encoding=Cp1252 -Xbootclasspath:C:\Program Files (x86)\Android\android-sdk\platforms\android-16\android.jar 
java_command: se.magede.evryface.intranet.IntranetConnector
Launcher Type: SUN_STANDARD

Environment Variables:
JAVA_HOME=C:\Program Files\Java\jdk1.6.0_26
CLASSPATH=C:\Program Files\Documentum\dctm.jar;C:\Documentum\config
PATH=D:\oracle\magede\product\11.2.0\dbhome_1\bin;C:\Program Files\Documentum\Shared;C:\Program Files\Common Files\Microsoft Shared\Windows Live;C:\Program Files (x86)\Common Files\Microsoft Shared\Windows Live;C:\Windows\system32;C:\Windows;C:\Windows\System32\Wbem;C:\Windows\System32\WindowsPowerShell\v1.0\;c:\Program Files\WIDCOMM\Bluetooth Software\;c:\Program Files\WIDCOMM\Bluetooth Software\syswow64;C:\Program Files\Broadcom\Broadcom 802.11\Driver;C:\Program Files\Hewlett-Packard\Drive Encryption\;c:\Program Files (x86)\Microsoft SQL Server\100\Tools\Binn\;c:\Program Files\Microsoft SQL Server\100\Tools\Binn\;c:\Program Files\Microsoft SQL Server\100\DTS\Binn\;c:\Program Files (x86)\Microsoft SQL Server\100\Tools\Binn\VSShell\Common7\IDE\;c:\Program Files (x86)\Microsoft SQL Server\100\DTS\Binn\;C:\Program Files\TortoiseSVN\bin;D:\DevelopmentTools\apache-ant-1.8.2\bin;D:\DevelopmentTools\apache-maven\bin\;D:\Tools\batFilesOnPath;C:\Program Files\SourceGear\Common\DiffMerge\;C:\Program Files (x86)\Gow\bin;C:\Program Files (x86)\Windows Live\Shared;C:\Program Files\Java\jdk1.7.0_03\bin;D:\DevelopmentTools\scala-2.9.1-1\bin;D:\DevelopmentTools\play-2.0;C:\Chocolatey\bin;
USERNAME=magede
OS=Windows_NT
PROCESSOR_IDENTIFIER=Intel64 Family 6 Model 37 Stepping 5, GenuineIntel



---------------  S Y S T E M  ---------------

OS: Windows 7 Build 7601 Service Pack 1

CPU:total 4 (2 cores per cpu, 2 threads per core) family 6 model 37 stepping 5, cmov, cx8, fxsr, mmx, sse, sse2, sse3, ssse3, sse4.1, sse4.2, popcnt, ht

Memory: 4k page, physical 8240516k(439972k free), swap 16479188k(4912724k free)

vm_info: Java HotSpot(TM) 64-Bit Server VM (20.1-b02) for windows-amd64 JRE (1.6.0_26-b03), built on May  4 2011 07:15:24 by "java_re" with MS VC++ 8.0 (VS2005)

time: Wed Aug 15 21:05:20 2012
elapsed time: 0 seconds

